<?xml version="1.0" encoding="UTF-8"?>
<!-- Generated by org.testng.reporters.JUnitXMLReporter -->
<testsuite hostname="DESKTOP-UPKUH47" ignored="0" name="Test" tests="4" failures="0" timestamp="2020-11-06T12:56:13 IST" time="0.098" errors="0">
  <testcase name="a" time="0.007" classname="Testng1.TestngDemo"/>
  <testcase name="f" time="0.004" classname="Testng1.TestngDemo"/>
  <testcase name="Write" time="0.002" classname="Testng1.TestNgdemo2"/>
  <testcase name="f" time="0.004" classname="Testng1.TestNgdemo2"/>
</testsuite> <!-- Test -->
